build/app/intermediates/manifest_merge_blame_file/debug/manifest-merger-blame-debug-report.txt
1<?xml version="1.0" encoding="utf-8"?>
2<manifest xmlns:android="http://schemas.android.com/apk/res/android"
3    package="com.digisailor.flutter_sharemarket"
4    android:versionCode="1"
5    android:versionName="1.0.0" >
6
7    <uses-sdk
8        android:minSdkVersion="16"
9        android:targetSdkVersion="30" />
10    <!--
11         Flutter needs it to communicate with the running application
12         to allow setting breakpoints, to provide hot reload, etc.
13    -->
14    <uses-permission android:name="android.permission.INTERNET" />
14-->src/debug/AndroidManifest.xml:6:5-66
14-->src/debug/AndroidManifest.xml:6:22-64
15    <uses-permission android:name="android.permission.WAKE_LOCK" />
15-->[:firebase_messaging] AndroidManifest.xml:8:5-68
15-->[:firebase_messaging] AndroidManifest.xml:8:22-65
16    <uses-permission android:name="android.permission.ACCESS_NETWORK_STATE" />
16-->[:firebase_messaging] AndroidManifest.xml:9:5-79
16-->[:firebase_messaging] AndroidManifest.xml:9:22-76
17    <uses-permission android:name="android.permission.RECEIVE_BOOT_COMPLETED" />
17-->[:flutter_local_notifications] AndroidManifest.xml:7:5-81
17-->[:flutter_local_notifications] AndroidManifest.xml:7:22-78
18    <uses-permission android:name="android.permission.VIBRATE" />
18-->[:flutter_local_notifications] AndroidManifest.xml:8:5-66
18-->[:flutter_local_notifications] AndroidManifest.xml:8:22-63
19    <uses-permission android:name="android.permission.USE_FULL_SCREEN_INTENT" /> <!-- Required by older versions of Google Play services to create IID tokens -->
19-->[:flutter_local_notifications] AndroidManifest.xml:9:5-81
19-->[:flutter_local_notifications] AndroidManifest.xml:9:22-78
20    <uses-permission android:name="com.google.android.c2dm.permission.RECEIVE" />
20-->[com.google.firebase:firebase-messaging:22.0.0] AndroidManifest.xml:25:5-82
20-->[com.google.firebase:firebase-messaging:22.0.0] AndroidManifest.xml:25:22-79
21    <uses-permission android:name="com.google.android.finsky.permission.BIND_GET_INSTALL_REFERRER_SERVICE" />
21-->[com.google.android.gms:play-services-measurement:19.0.0] AndroidManifest.xml:26:5-110
21-->[com.google.android.gms:play-services-measurement:19.0.0] AndroidManifest.xml:26:22-107
22
23    <application
23-->src/main/AndroidManifest.xml:3:4-44:19
24        android:name="androidx.multidex.MultiDexApplication"
25        android:appComponentFactory="androidx.core.app.CoreComponentFactory"
25-->[androidx.core:core:1.3.0] AndroidManifest.xml:24:18-86
26        android:debuggable="true"
27        android:icon="@mipmap/ic_launcher"
27-->src/main/AndroidManifest.xml:5:9-43
28        android:label="flutter_sharemarket" >
28-->src/main/AndroidManifest.xml:4:9-44
29        <activity
29-->src/main/AndroidManifest.xml:6:9-38:20
30            android:name="com.digisailor.flutter_sharemarket.MainActivity"
30-->src/main/AndroidManifest.xml:7:13-41
31            android:configChanges="orientation|keyboardHidden|keyboard|screenSize|smallestScreenSize|locale|layoutDirection|fontScale|screenLayout|density|uiMode"
31-->src/main/AndroidManifest.xml:10:13-163
32            android:hardwareAccelerated="true"
32-->src/main/AndroidManifest.xml:11:13-47
33            android:launchMode="singleTop"
33-->src/main/AndroidManifest.xml:8:13-43
34            android:theme="@style/LaunchTheme"
34-->src/main/AndroidManifest.xml:9:13-47
35            android:windowSoftInputMode="adjustResize" >
35-->src/main/AndroidManifest.xml:12:13-55
36
37            <!--
38                 Specifies an Android theme to apply to this Activity as soon as
39                 the Android process has started. This theme is visible to the user
40                 while the Flutter UI initializes. After that, this theme continues
41                 to determine the Window background behind the Flutter UI.
42            -->
43            <meta-data
43-->src/main/AndroidManifest.xml:17:13-20:17
44                android:name="io.flutter.embedding.android.NormalTheme"
44-->src/main/AndroidManifest.xml:18:15-70
45                android:resource="@style/NormalTheme" />
45-->src/main/AndroidManifest.xml:19:15-52
46            <!--
47                 Displays an Android View that continues showing the launch screen
48                 Drawable until Flutter paints its first frame, then this splash
49                 screen fades out. A splash screen is useful to avoid any visual
50                 gap between the end of Android's launch screen and the painting of
51                 Flutter's first frame.
52            -->
53            <meta-data
53-->src/main/AndroidManifest.xml:26:13-29:17
54                android:name="io.flutter.embedding.android.SplashScreenDrawable"
54-->src/main/AndroidManifest.xml:27:15-79
55                android:resource="@drawable/launch_background" />
55-->src/main/AndroidManifest.xml:28:15-61
56
57            <intent-filter>
57-->src/main/AndroidManifest.xml:30:13-33:29
58                <action android:name="android.intent.action.MAIN" />
58-->src/main/AndroidManifest.xml:31:17-68
58-->src/main/AndroidManifest.xml:31:25-66
59
60                <category android:name="android.intent.category.LAUNCHER" />
60-->src/main/AndroidManifest.xml:32:17-76
60-->src/main/AndroidManifest.xml:32:27-74
61            </intent-filter>
62            <intent-filter>
62-->src/main/AndroidManifest.xml:34:13-37:29
63                <action android:name="FLUTTER_NOTIFICATION_CLICK" />
63-->src/main/AndroidManifest.xml:35:17-68
63-->src/main/AndroidManifest.xml:35:25-66
64
65                <category android:name="android.intent.category.DEFAULT" />
65-->src/main/AndroidManifest.xml:36:17-75
65-->src/main/AndroidManifest.xml:36:27-73
66            </intent-filter>
67        </activity>
68        <!--
69             Don't delete the meta-data below.
70             This is used by the Flutter tool to generate GeneratedPluginRegistrant.java
71        -->
72        <meta-data
72-->src/main/AndroidManifest.xml:41:9-43:33
73            android:name="flutterEmbedding"
73-->src/main/AndroidManifest.xml:42:13-44
74            android:value="2" />
74-->src/main/AndroidManifest.xml:43:13-30
75
76        <service
76-->[:firebase_auth] AndroidManifest.xml:8:9-12:19
77            android:name="com.google.firebase.components.ComponentDiscoveryService"
77-->[:firebase_auth] AndroidManifest.xml:8:18-89
78            android:directBootAware="true"
78-->[com.google.firebase:firebase-common:20.0.0] AndroidManifest.xml:35:13-43
79            android:exported="false" >
79-->[com.google.firebase:firebase-messaging:22.0.0] AndroidManifest.xml:51:13-37
80            <meta-data
80-->[:firebase_auth] AndroidManifest.xml:9:13-11:85
81                android:name="com.google.firebase.components:io.flutter.plugins.firebase.auth.FlutterFirebaseAuthRegistrar"
81-->[:firebase_auth] AndroidManifest.xml:10:17-124
82                android:value="com.google.firebase.components.ComponentRegistrar" />
82-->[:firebase_auth] AndroidManifest.xml:11:17-82
83            <meta-data
83-->[:cloud_firestore] AndroidManifest.xml:9:13-11:85
84                android:name="com.google.firebase.components:io.flutter.plugins.firebase.firestore.FlutterFirebaseFirestoreRegistrar"
84-->[:cloud_firestore] AndroidManifest.xml:10:17-134
85                android:value="com.google.firebase.components.ComponentRegistrar" />
85-->[:cloud_firestore] AndroidManifest.xml:11:17-82
86            <meta-data
86-->[:firebase_messaging] AndroidManifest.xml:34:13-36:85
87                android:name="com.google.firebase.components:io.flutter.plugins.firebase.messaging.FlutterFirebaseAppRegistrar"
87-->[:firebase_messaging] AndroidManifest.xml:35:17-128
88                android:value="com.google.firebase.components.ComponentRegistrar" />
88-->[:firebase_messaging] AndroidManifest.xml:36:17-82
89            <meta-data
89-->[:firebase_core] AndroidManifest.xml:9:13-11:85
90                android:name="com.google.firebase.components:io.flutter.plugins.firebase.core.FlutterFirebaseCoreRegistrar"
90-->[:firebase_core] AndroidManifest.xml:10:17-124
91                android:value="com.google.firebase.components.ComponentRegistrar" />
91-->[:firebase_core] AndroidManifest.xml:11:17-82
92            <meta-data
92-->[com.google.firebase:firebase-messaging:22.0.0] AndroidManifest.xml:52:13-54:85
93                android:name="com.google.firebase.components:com.google.firebase.messaging.FirebaseMessagingRegistrar"
93-->[com.google.firebase:firebase-messaging:22.0.0] AndroidManifest.xml:53:17-119
94                android:value="com.google.firebase.components.ComponentRegistrar" />
94-->[com.google.firebase:firebase-messaging:22.0.0] AndroidManifest.xml:54:17-82
95            <meta-data
95-->[com.google.firebase:firebase-datatransport:18.0.0] AndroidManifest.xml:28:13-30:85
96                android:name="com.google.firebase.components:com.google.firebase.datatransport.TransportRegistrar"
96-->[com.google.firebase:firebase-datatransport:18.0.0] AndroidManifest.xml:29:17-115
97                android:value="com.google.firebase.components.ComponentRegistrar" />
97-->[com.google.firebase:firebase-datatransport:18.0.0] AndroidManifest.xml:30:17-82
98            <meta-data
98-->[com.google.firebase:firebase-auth:21.0.1] AndroidManifest.xml:77:13-79:85
99                android:name="com.google.firebase.components:com.google.firebase.auth.FirebaseAuthRegistrar"
99-->[com.google.firebase:firebase-auth:21.0.1] AndroidManifest.xml:78:17-109
100                android:value="com.google.firebase.components.ComponentRegistrar" />
100-->[com.google.firebase:firebase-auth:21.0.1] AndroidManifest.xml:79:17-82
101            <meta-data
101-->[com.google.firebase:firebase-firestore:23.0.1] AndroidManifest.xml:20:13-22:85
102                android:name="com.google.firebase.components:com.google.firebase.firestore.FirestoreRegistrar"
102-->[com.google.firebase:firebase-firestore:23.0.1] AndroidManifest.xml:21:17-111
103                android:value="com.google.firebase.components.ComponentRegistrar" />
103-->[com.google.firebase:firebase-firestore:23.0.1] AndroidManifest.xml:22:17-82
104            <meta-data
104-->[com.google.android.gms:play-services-measurement-api:19.0.0] AndroidManifest.xml:30:13-32:85
105                android:name="com.google.firebase.components:com.google.firebase.analytics.connector.internal.AnalyticsConnectorRegistrar"
105-->[com.google.android.gms:play-services-measurement-api:19.0.0] AndroidManifest.xml:31:17-139
106                android:value="com.google.firebase.components.ComponentRegistrar" />
106-->[com.google.android.gms:play-services-measurement-api:19.0.0] AndroidManifest.xml:32:17-82
107            <meta-data
107-->[com.google.firebase:firebase-installations:17.0.0] AndroidManifest.xml:18:13-20:85
108                android:name="com.google.firebase.components:com.google.firebase.installations.FirebaseInstallationsRegistrar"
108-->[com.google.firebase:firebase-installations:17.0.0] AndroidManifest.xml:19:17-127
109                android:value="com.google.firebase.components.ComponentRegistrar" />
109-->[com.google.firebase:firebase-installations:17.0.0] AndroidManifest.xml:20:17-82
110        </service>
111        <service
111-->[:firebase_messaging] AndroidManifest.xml:12:9-15:72
112            android:name="io.flutter.plugins.firebase.messaging.FlutterFirebaseMessagingBackgroundService"
112-->[:firebase_messaging] AndroidManifest.xml:13:13-107
113            android:exported="false"
113-->[:firebase_messaging] AndroidManifest.xml:14:13-37
114            android:permission="android.permission.BIND_JOB_SERVICE" />
114-->[:firebase_messaging] AndroidManifest.xml:15:13-69
115        <service
115-->[:firebase_messaging] AndroidManifest.xml:16:9-22:19
116            android:name="io.flutter.plugins.firebase.messaging.FlutterFirebaseMessagingService"
116-->[:firebase_messaging] AndroidManifest.xml:17:13-97
117            android:exported="false" >
117-->[:firebase_messaging] AndroidManifest.xml:18:13-37
118            <intent-filter>
118-->[:firebase_messaging] AndroidManifest.xml:19:13-21:29
119                <action android:name="com.google.firebase.MESSAGING_EVENT" />
119-->[:firebase_messaging] AndroidManifest.xml:20:17-78
119-->[:firebase_messaging] AndroidManifest.xml:20:25-75
120            </intent-filter>
121        </service>
122
123        <receiver
123-->[:firebase_messaging] AndroidManifest.xml:24:9-31:20
124            android:name="io.flutter.plugins.firebase.messaging.FlutterFirebaseMessagingReceiver"
124-->[:firebase_messaging] AndroidManifest.xml:25:13-98
125            android:exported="true"
125-->[:firebase_messaging] AndroidManifest.xml:26:13-36
126            android:permission="com.google.android.c2dm.permission.SEND" >
126-->[:firebase_messaging] AndroidManifest.xml:27:13-73
127            <intent-filter>
127-->[:firebase_messaging] AndroidManifest.xml:28:13-30:29
128                <action android:name="com.google.android.c2dm.intent.RECEIVE" />
128-->[:firebase_messaging] AndroidManifest.xml:29:17-81
128-->[:firebase_messaging] AndroidManifest.xml:29:25-78
129            </intent-filter>
130        </receiver>
131
132        <provider
132-->[:firebase_messaging] AndroidManifest.xml:39:9-43:38
133            android:name="io.flutter.plugins.firebase.messaging.FlutterFirebaseMessagingInitProvider"
133-->[:firebase_messaging] AndroidManifest.xml:40:13-102
134            android:authorities="com.digisailor.flutter_sharemarket.flutterfirebasemessaginginitprovider"
134-->[:firebase_messaging] AndroidManifest.xml:41:13-88
135            android:exported="false"
135-->[:firebase_messaging] AndroidManifest.xml:42:13-37
136            android:initOrder="99" />
136-->[:firebase_messaging] AndroidManifest.xml:43:13-35
137
138        <receiver android:name="com.dexterous.flutterlocalnotifications.ScheduledNotificationReceiver" />
138-->[:flutter_local_notifications] AndroidManifest.xml:12:9-106
138-->[:flutter_local_notifications] AndroidManifest.xml:12:19-103
139        <receiver android:name="com.dexterous.flutterlocalnotifications.ScheduledNotificationBootReceiver" >
139-->[:flutter_local_notifications] AndroidManifest.xml:13:9-20:20
139-->[:flutter_local_notifications] AndroidManifest.xml:13:19-107
140            <intent-filter>
140-->[:flutter_local_notifications] AndroidManifest.xml:14:13-19:29
141                <action android:name="android.intent.action.BOOT_COMPLETED" />
141-->[:flutter_local_notifications] AndroidManifest.xml:15:17-79
141-->[:flutter_local_notifications] AndroidManifest.xml:15:25-76
142                <action android:name="android.intent.action.MY_PACKAGE_REPLACED" />
142-->[:flutter_local_notifications] AndroidManifest.xml:16:17-84
142-->[:flutter_local_notifications] AndroidManifest.xml:16:25-81
143                <action android:name="android.intent.action.QUICKBOOT_POWERON" />
143-->[:flutter_local_notifications] AndroidManifest.xml:17:17-82
143-->[:flutter_local_notifications] AndroidManifest.xml:17:25-79
144                <action android:name="com.htc.intent.action.QUICKBOOT_POWERON" />
144-->[:flutter_local_notifications] AndroidManifest.xml:18:17-82
144-->[:flutter_local_notifications] AndroidManifest.xml:18:25-79
145            </intent-filter>
146        </receiver>
147        <receiver
147-->[com.google.firebase:firebase-messaging:22.0.0] AndroidManifest.xml:28:9-35:20
148            android:name="com.google.firebase.iid.FirebaseInstanceIdReceiver"
148-->[com.google.firebase:firebase-messaging:22.0.0] AndroidManifest.xml:29:13-78
149            android:exported="true"
149-->[com.google.firebase:firebase-messaging:22.0.0] AndroidManifest.xml:30:13-36
150            android:permission="com.google.android.c2dm.permission.SEND" >
150-->[com.google.firebase:firebase-messaging:22.0.0] AndroidManifest.xml:31:13-73
151            <intent-filter>
151-->[:firebase_messaging] AndroidManifest.xml:28:13-30:29
152                <action android:name="com.google.android.c2dm.intent.RECEIVE" />
152-->[:firebase_messaging] AndroidManifest.xml:29:17-81
152-->[:firebase_messaging] AndroidManifest.xml:29:25-78
153            </intent-filter>
154        </receiver>
155        <!--
156             FirebaseMessagingService performs security checks at runtime,
157             but set to not exported to explicitly avoid allowing another app to call it.
158        -->
159        <service
159-->[com.google.firebase:firebase-messaging:22.0.0] AndroidManifest.xml:41:9-48:19
160            android:name="com.google.firebase.messaging.FirebaseMessagingService"
160-->[com.google.firebase:firebase-messaging:22.0.0] AndroidManifest.xml:42:13-82
161            android:directBootAware="true"
161-->[com.google.firebase:firebase-messaging:22.0.0] AndroidManifest.xml:43:13-43
162            android:exported="false" >
162-->[com.google.firebase:firebase-messaging:22.0.0] AndroidManifest.xml:44:13-37
163            <intent-filter android:priority="-500" >
163-->[:firebase_messaging] AndroidManifest.xml:19:13-21:29
164                <action android:name="com.google.firebase.MESSAGING_EVENT" />
164-->[:firebase_messaging] AndroidManifest.xml:20:17-78
164-->[:firebase_messaging] AndroidManifest.xml:20:25-75
165            </intent-filter>
166        </service>
167        <service
167-->[com.google.android.datatransport:transport-backend-cct:3.0.0] AndroidManifest.xml:29:9-35:19
168            android:name="com.google.android.datatransport.runtime.backends.TransportBackendDiscovery"
168-->[com.google.android.datatransport:transport-backend-cct:3.0.0] AndroidManifest.xml:30:13-103
169            android:exported="false" >
169-->[com.google.android.datatransport:transport-backend-cct:3.0.0] AndroidManifest.xml:31:13-37
170            <meta-data
170-->[com.google.android.datatransport:transport-backend-cct:3.0.0] AndroidManifest.xml:32:13-34:39
171                android:name="backend:com.google.android.datatransport.cct.CctBackendFactory"
171-->[com.google.android.datatransport:transport-backend-cct:3.0.0] AndroidManifest.xml:33:17-94
172                android:value="cct" />
172-->[com.google.android.datatransport:transport-backend-cct:3.0.0] AndroidManifest.xml:34:17-36
173        </service>
174
175        <activity
175-->[com.google.firebase:firebase-auth:21.0.1] AndroidManifest.xml:27:9-44:20
176            android:name="com.google.firebase.auth.internal.GenericIdpActivity"
176-->[com.google.firebase:firebase-auth:21.0.1] AndroidManifest.xml:28:13-80
177            android:excludeFromRecents="true"
177-->[com.google.firebase:firebase-auth:21.0.1] AndroidManifest.xml:29:13-46
178            android:exported="true"
178-->[com.google.firebase:firebase-auth:21.0.1] AndroidManifest.xml:30:13-36
179            android:launchMode="singleTask"
179-->[com.google.firebase:firebase-auth:21.0.1] AndroidManifest.xml:31:13-44
180            android:theme="@android:style/Theme.Translucent.NoTitleBar" >
180-->[com.google.firebase:firebase-auth:21.0.1] AndroidManifest.xml:32:13-72
181            <intent-filter>
181-->[com.google.firebase:firebase-auth:21.0.1] AndroidManifest.xml:33:13-43:29
182                <action android:name="android.intent.action.VIEW" />
182-->[com.google.firebase:firebase-auth:21.0.1] AndroidManifest.xml:34:17-69
182-->[com.google.firebase:firebase-auth:21.0.1] AndroidManifest.xml:34:25-66
183
184                <category android:name="android.intent.category.DEFAULT" />
184-->src/main/AndroidManifest.xml:36:17-75
184-->src/main/AndroidManifest.xml:36:27-73
185                <category android:name="android.intent.category.BROWSABLE" />
185-->[com.google.firebase:firebase-auth:21.0.1] AndroidManifest.xml:37:17-78
185-->[com.google.firebase:firebase-auth:21.0.1] AndroidManifest.xml:37:27-75
186
187                <data
187-->[com.google.firebase:firebase-auth:21.0.1] AndroidManifest.xml:39:17-42:51
188                    android:host="firebase.auth"
188-->[com.google.firebase:firebase-auth:21.0.1] AndroidManifest.xml:40:21-49
189                    android:path="/"
189-->[com.google.firebase:firebase-auth:21.0.1] AndroidManifest.xml:41:21-37
190                    android:scheme="genericidp" />
190-->[com.google.firebase:firebase-auth:21.0.1] AndroidManifest.xml:42:21-48
191            </intent-filter>
192        </activity>
193        <activity
193-->[com.google.firebase:firebase-auth:21.0.1] AndroidManifest.xml:45:9-62:20
194            android:name="com.google.firebase.auth.internal.RecaptchaActivity"
194-->[com.google.firebase:firebase-auth:21.0.1] AndroidManifest.xml:46:13-79
195            android:excludeFromRecents="true"
195-->[com.google.firebase:firebase-auth:21.0.1] AndroidManifest.xml:47:13-46
196            android:exported="true"
196-->[com.google.firebase:firebase-auth:21.0.1] AndroidManifest.xml:48:13-36
197            android:launchMode="singleTask"
197-->[com.google.firebase:firebase-auth:21.0.1] AndroidManifest.xml:49:13-44
198            android:theme="@android:style/Theme.Translucent.NoTitleBar" >
198-->[com.google.firebase:firebase-auth:21.0.1] AndroidManifest.xml:50:13-72
199            <intent-filter>
199-->[com.google.firebase:firebase-auth:21.0.1] AndroidManifest.xml:51:13-61:29
200                <action android:name="android.intent.action.VIEW" />
200-->[com.google.firebase:firebase-auth:21.0.1] AndroidManifest.xml:34:17-69
200-->[com.google.firebase:firebase-auth:21.0.1] AndroidManifest.xml:34:25-66
201
202                <category android:name="android.intent.category.DEFAULT" />
202-->src/main/AndroidManifest.xml:36:17-75
202-->src/main/AndroidManifest.xml:36:27-73
203                <category android:name="android.intent.category.BROWSABLE" />
203-->[com.google.firebase:firebase-auth:21.0.1] AndroidManifest.xml:37:17-78
203-->[com.google.firebase:firebase-auth:21.0.1] AndroidManifest.xml:37:27-75
204
205                <data
205-->[com.google.firebase:firebase-auth:21.0.1] AndroidManifest.xml:39:17-42:51
206                    android:host="firebase.auth"
206-->[com.google.firebase:firebase-auth:21.0.1] AndroidManifest.xml:40:21-49
207                    android:path="/"
207-->[com.google.firebase:firebase-auth:21.0.1] AndroidManifest.xml:41:21-37
208                    android:scheme="recaptcha" />
208-->[com.google.firebase:firebase-auth:21.0.1] AndroidManifest.xml:42:21-48
209            </intent-filter>
210        </activity>
211
212        <service
212-->[com.google.firebase:firebase-auth:21.0.1] AndroidManifest.xml:64:9-73:19
213            android:name="com.google.firebase.auth.api.fallback.service.FirebaseAuthFallbackService"
213-->[com.google.firebase:firebase-auth:21.0.1] AndroidManifest.xml:65:13-101
214            android:enabled="true"
214-->[com.google.firebase:firebase-auth:21.0.1] AndroidManifest.xml:66:13-35
215            android:exported="false" >
215-->[com.google.firebase:firebase-auth:21.0.1] AndroidManifest.xml:67:13-37
216            <intent-filter>
216-->[com.google.firebase:firebase-auth:21.0.1] AndroidManifest.xml:68:13-72:29
217                <action android:name="com.google.firebase.auth.api.gms.service.START" />
217-->[com.google.firebase:firebase-auth:21.0.1] AndroidManifest.xml:69:17-89
217-->[com.google.firebase:firebase-auth:21.0.1] AndroidManifest.xml:69:25-86
218
219                <category android:name="android.intent.category.DEFAULT" />
219-->src/main/AndroidManifest.xml:36:17-75
219-->src/main/AndroidManifest.xml:36:27-73
220            </intent-filter>
221        </service>
222
223        <provider
223-->[com.google.firebase:firebase-common:20.0.0] AndroidManifest.xml:26:9-31:39
224            android:name="com.google.firebase.provider.FirebaseInitProvider"
224-->[com.google.firebase:firebase-common:20.0.0] AndroidManifest.xml:27:13-77
225            android:authorities="com.digisailor.flutter_sharemarket.firebaseinitprovider"
225-->[com.google.firebase:firebase-common:20.0.0] AndroidManifest.xml:28:13-72
226            android:directBootAware="true"
226-->[com.google.firebase:firebase-common:20.0.0] AndroidManifest.xml:29:13-43
227            android:exported="false"
227-->[com.google.firebase:firebase-common:20.0.0] AndroidManifest.xml:30:13-37
228            android:initOrder="100" />
228-->[com.google.firebase:firebase-common:20.0.0] AndroidManifest.xml:31:13-36
229
230        <activity
230-->[com.google.android.gms:play-services-base:17.1.0] AndroidManifest.xml:23:9-26:75
231            android:name="com.google.android.gms.common.api.GoogleApiActivity"
231-->[com.google.android.gms:play-services-base:17.1.0] AndroidManifest.xml:24:13-79
232            android:exported="false"
232-->[com.google.android.gms:play-services-base:17.1.0] AndroidManifest.xml:25:13-37
233            android:theme="@android:style/Theme.Translucent.NoTitleBar" />
233-->[com.google.android.gms:play-services-base:17.1.0] AndroidManifest.xml:26:13-72
234
235        <receiver
235-->[com.google.android.gms:play-services-measurement:19.0.0] AndroidManifest.xml:29:9-33:20
236            android:name="com.google.android.gms.measurement.AppMeasurementReceiver"
236-->[com.google.android.gms:play-services-measurement:19.0.0] AndroidManifest.xml:30:13-85
237            android:enabled="true"
237-->[com.google.android.gms:play-services-measurement:19.0.0] AndroidManifest.xml:31:13-35
238            android:exported="false" >
238-->[com.google.android.gms:play-services-measurement:19.0.0] AndroidManifest.xml:32:13-37
239        </receiver>
240
241        <service
241-->[com.google.android.gms:play-services-measurement:19.0.0] AndroidManifest.xml:35:9-38:40
242            android:name="com.google.android.gms.measurement.AppMeasurementService"
242-->[com.google.android.gms:play-services-measurement:19.0.0] AndroidManifest.xml:36:13-84
243            android:enabled="true"
243-->[com.google.android.gms:play-services-measurement:19.0.0] AndroidManifest.xml:37:13-35
244            android:exported="false" />
244-->[com.google.android.gms:play-services-measurement:19.0.0] AndroidManifest.xml:38:13-37
245        <service
245-->[com.google.android.gms:play-services-measurement:19.0.0] AndroidManifest.xml:39:9-43:72
246            android:name="com.google.android.gms.measurement.AppMeasurementJobService"
246-->[com.google.android.gms:play-services-measurement:19.0.0] AndroidManifest.xml:40:13-87
247            android:enabled="true"
247-->[com.google.android.gms:play-services-measurement:19.0.0] AndroidManifest.xml:41:13-35
248            android:exported="false"
248-->[com.google.android.gms:play-services-measurement:19.0.0] AndroidManifest.xml:42:13-37
249            android:permission="android.permission.BIND_JOB_SERVICE" />
249-->[com.google.android.gms:play-services-measurement:19.0.0] AndroidManifest.xml:43:13-69
250
251        <meta-data
251-->[com.google.android.gms:play-services-basement:17.1.0] AndroidManifest.xml:23:9-25:69
252            android:name="com.google.android.gms.version"
252-->[com.google.android.gms:play-services-basement:17.1.0] AndroidManifest.xml:24:13-58
253            android:value="@integer/google_play_services_version" />
253-->[com.google.android.gms:play-services-basement:17.1.0] AndroidManifest.xml:25:13-66
254
255        <service
255-->[com.google.android.datatransport:transport-runtime:3.0.0] AndroidManifest.xml:26:9-30:19
256            android:name="com.google.android.datatransport.runtime.scheduling.jobscheduling.JobInfoSchedulerService"
256-->[com.google.android.datatransport:transport-runtime:3.0.0] AndroidManifest.xml:27:13-117
257            android:exported="false"
257-->[com.google.android.datatransport:transport-runtime:3.0.0] AndroidManifest.xml:28:13-37
258            android:permission="android.permission.BIND_JOB_SERVICE" >
258-->[com.google.android.datatransport:transport-runtime:3.0.0] AndroidManifest.xml:29:13-69
259        </service>
260
261        <receiver
261-->[com.google.android.datatransport:transport-runtime:3.0.0] AndroidManifest.xml:32:9-34:40
262            android:name="com.google.android.datatransport.runtime.scheduling.jobscheduling.AlarmManagerSchedulerBroadcastReceiver"
262-->[com.google.android.datatransport:transport-runtime:3.0.0] AndroidManifest.xml:33:13-132
263            android:exported="false" />
263-->[com.google.android.datatransport:transport-runtime:3.0.0] AndroidManifest.xml:34:13-37
264    </application>
265
266</manifest>